<?xml version="1.0" encoding="UTF-8"?>
<!-- Generated by org.testng.reporters.JUnitReportReporter -->
<testsuite skipped="0" hostname="mypc" name="com.selenium.screenShot.TestLoginSceenShot" tests="1" failures="0" timestamp="28 七月 2018 06:45:42 GMT" time="18.505" errors="0">
  <testcase name="test" time="18.505" classname="com.selenium.screenShot.TestLoginSceenShot"/>
</testsuite> <!-- com.selenium.screenShot.TestLoginSceenShot -->
